[debug] [2021-07-07T16:21:05.867Z] ----------------------------------------------------------------------
[debug] [2021-07-07T16:21:05.869Z] Command:       /home/morty/.nvm/versions/node/v14.15.1/bin/node /home/morty/.nvm/versions/node/v14.15.1/bin/firebase deploy
[debug] [2021-07-07T16:21:05.869Z] CLI Version:   9.14.0
[debug] [2021-07-07T16:21:05.869Z] Platform:      linux
[debug] [2021-07-07T16:21:05.869Z] Node Version:  v14.15.1
[debug] [2021-07-07T16:21:05.870Z] Time:          Wed Jul 07 2021 18:21:05 GMT+0200 (Central European Summer Time)
[debug] [2021-07-07T16:21:05.870Z] ----------------------------------------------------------------------
[debug] 
[debug] [2021-07-07T16:21:05.876Z] > command requires scopes: ["email","openid","https://www.googleapis.com/auth/cloudplatformprojects.readonly","https://www.googleapis.com/auth/firebase","https://www.googleapis.com/auth/cloud-platform"]
[debug] [2021-07-07T16:21:05.876Z] > authorizing via signed-in user (nicolas.dllb@gmail.com)
[debug] [2021-07-07T16:21:05.877Z] [iam] checking project coinlabs-a7253 for permissions ["cloudfunctions.functions.create","cloudfunctions.functions.delete","cloudfunctions.functions.get","cloudfunctions.functions.list","cloudfunctions.functions.update","cloudfunctions.operations.get","firebase.projects.get","firebasehosting.sites.update"]
[debug] [2021-07-07T16:21:05.879Z] > refreshing access token with scopes: ["email","https://www.googleapis.com/auth/cloud-platform","https://www.googleapis.com/auth/cloudplatformprojects.readonly","https://www.googleapis.com/auth/firebase","openid"]
[debug] [2021-07-07T16:21:05.879Z] >>> HTTP REQUEST POST https://www.googleapis.com/oauth2/v3/token  
 <request body omitted>
[debug] [2021-07-07T16:21:12.265Z] <<< HTTP RESPONSE 200 {"date":"Wed, 07 Jul 2021 16:21:10 GMT","pragma":"no-cache","cache-control":"no-cache, no-store, max-age=0, must-revalidate","expires":"Mon, 01 Jan 1990 00:00:00 GMT","content-type":"application/json; charset=utf-8","vary":"X-Origin, Referer, Origin,Accept-Encoding","server":"scaffolding on HTTPServer2","x-xss-protection":"0","x-frame-options":"SAMEORIGIN","x-content-type-options":"nosniff","alt-svc":"h3=\":443\"; ma=2592000,h3-29=\":443\"; ma=2592000,h3-T051=\":443\"; ma=2592000,h3-Q050=\":443\"; ma=2592000,h3-Q046=\":443\"; ma=2592000,h3-Q043=\":443\"; ma=2592000,quic=\":443\"; ma=2592000; v=\"46,43\"","accept-ranges":"none","transfer-encoding":"chunked"}
[debug] [2021-07-07T16:21:12.296Z] >>> HTTP REQUEST POST https://cloudresourcemanager.googleapis.com/v1/projects/coinlabs-a7253:testIamPermissions  
 {"permissions":["cloudfunctions.functions.create","cloudfunctions.functions.delete","cloudfunctions.functions.get","cloudfunctions.functions.list","cloudfunctions.functions.update","cloudfunctions.operations.get","firebase.projects.get","firebasehosting.sites.update"]}
[debug] [2021-07-07T16:21:13.392Z] <<< HTTP RESPONSE 200 {"content-type":"application/json; charset=UTF-8","vary":"X-Origin, Referer, Origin,Accept-Encoding","date":"Wed, 07 Jul 2021 16:21:11 GMT","server":"ESF","cache-control":"private","x-xss-protection":"0","x-frame-options":"SAMEORIGIN","x-content-type-options":"nosniff","server-timing":"gfet4t7; dur=543","alt-svc":"h3=\":443\"; ma=2592000,h3-29=\":443\"; ma=2592000,h3-T051=\":443\"; ma=2592000,h3-Q050=\":443\"; ma=2592000,h3-Q046=\":443\"; ma=2592000,h3-Q043=\":443\"; ma=2592000,quic=\":443\"; ma=2592000; v=\"46,43\"","accept-ranges":"none","transfer-encoding":"chunked"}
[debug] [2021-07-07T16:21:13.395Z] >>> HTTP REQUEST POST https://iam.googleapis.com/v1/projects/coinlabs-a7253/serviceAccounts/coinlabs-a7253@appspot.gserviceaccount.com:testIamPermissions  
 {"permissions":["iam.serviceAccounts.actAs"]}
[debug] [2021-07-07T16:21:14.618Z] <<< HTTP RESPONSE 200 {"content-type":"application/json; charset=UTF-8","vary":"X-Origin, Referer, Origin,Accept-Encoding","date":"Wed, 07 Jul 2021 16:21:12 GMT","server":"ESF","cache-control":"private","x-xss-protection":"0","x-frame-options":"SAMEORIGIN","x-content-type-options":"nosniff","alt-svc":"h3=\":443\"; ma=2592000,h3-29=\":443\"; ma=2592000,h3-T051=\":443\"; ma=2592000,h3-Q050=\":443\"; ma=2592000,h3-Q046=\":443\"; ma=2592000,h3-Q043=\":443\"; ma=2592000,quic=\":443\"; ma=2592000; v=\"46,43\"","accept-ranges":"none","transfer-encoding":"chunked"}
[debug] [2021-07-07T16:21:14.620Z] > refreshing access token with scopes: []
[debug] [2021-07-07T16:21:14.620Z] >>> HTTP REQUEST POST https://www.googleapis.com/oauth2/v3/token  
 <request body omitted>
[debug] [2021-07-07T16:21:15.699Z] <<< HTTP RESPONSE 200 {"cache-control":"no-cache, no-store, max-age=0, must-revalidate","date":"Wed, 07 Jul 2021 16:21:13 GMT","pragma":"no-cache","expires":"Mon, 01 Jan 1990 00:00:00 GMT","content-type":"application/json; charset=utf-8","vary":"X-Origin, Referer, Origin,Accept-Encoding","server":"scaffolding on HTTPServer2","x-xss-protection":"0","x-frame-options":"SAMEORIGIN","x-content-type-options":"nosniff","alt-svc":"h3=\":443\"; ma=2592000,h3-29=\":443\"; ma=2592000,h3-T051=\":443\"; ma=2592000,h3-Q050=\":443\"; ma=2592000,h3-Q046=\":443\"; ma=2592000,h3-Q043=\":443\"; ma=2592000,quic=\":443\"; ma=2592000; v=\"46,43\"","accept-ranges":"none","transfer-encoding":"chunked"}
[debug] [2021-07-07T16:21:15.782Z] >>> [apiv2][query] GET https://firebase.googleapis.com/v1beta1/projects/coinlabs-a7253 [none]
[debug] [2021-07-07T16:21:16.656Z] <<< [apiv2][status] GET https://firebase.googleapis.com/v1beta1/projects/coinlabs-a7253 200
[debug] [2021-07-07T16:21:16.657Z] <<< [apiv2][body] GET https://firebase.googleapis.com/v1beta1/projects/coinlabs-a7253 {"projectId":"coinlabs-a7253","projectNumber":"804231428389","displayName":"coinlabs","name":"projects/coinlabs-a7253","resources":{"hostingSite":"coinlabs-a7253","storageBucket":"coinlabs-a7253.appspot.com","locationId":"europe-west"},"state":"ACTIVE"}
[info] 
[info] === Deploying to 'coinlabs-a7253'...
[info] 
[info] i  deploying functions, hosting 
[debug] [2021-07-07T16:21:16.662Z] TypeError [ERR_INVALID_ARG_TYPE]: The "path" argument must be of type string. Received undefined
    at validateString (internal/validators.js:124:11)
    at Object.join (path.js:1039:7)
    at Config.path (/home/morty/.nvm/versions/node/v14.15.1/lib/node_modules/firebase-tools/lib/config.js:113:45)
    at getChildEnvironment (/home/morty/.nvm/versions/node/v14.15.1/lib/node_modules/firebase-tools/lib/deploy/lifecycleHooks.js:50:49)
    at runTargetCommands (/home/morty/.nvm/versions/node/v14.15.1/lib/node_modules/firebase-tools/lib/deploy/lifecycleHooks.js:71:14)
    at /home/morty/.nvm/versions/node/v14.15.1/lib/node_modules/firebase-tools/lib/deploy/lifecycleHooks.js:122:24
    at processTicksAndRejections (internal/process/task_queues.js:93:5)
[error] 
[error] Error: An unexpected error has occurred.
